0 info it worked if it ends with ok
1 verbose cli [ '/usr/local/Cellar/node/7.5.0/bin/node',
1 verbose cli   '/usr/local/bin/npm',
1 verbose cli   'install',
1 verbose cli   'browser-sync' ]
2 info using npm@4.1.2
3 info using node@v7.5.0
4 silly loadCurrentTree Starting
5 silly install loadCurrentTree
6 silly install readLocalPackageData
7 silly fetchPackageMetaData browser-sync
8 silly fetchNamedPackageData browser-sync
9 silly mapToRegistry name browser-sync
10 silly mapToRegistry using default registry
11 silly mapToRegistry registry https://registry.npmjs.org/
12 silly mapToRegistry data Result {
12 silly mapToRegistry   raw: 'browser-sync',
12 silly mapToRegistry   scope: null,
12 silly mapToRegistry   escapedName: 'browser-sync',
12 silly mapToRegistry   name: 'browser-sync',
12 silly mapToRegistry   rawSpec: '',
12 silly mapToRegistry   spec: 'latest',
12 silly mapToRegistry   type: 'tag' }
13 silly mapToRegistry uri https://registry.npmjs.org/browser-sync
14 verbose request uri https://registry.npmjs.org/browser-sync
15 verbose request no auth needed
16 info attempt registry request try #1 at 上午11:43:07
17 verbose request id f37cb12f2a9271ab
18 http request GET https://registry.npmjs.org/browser-sync
19 http 200 https://registry.npmjs.org/browser-sync
20 verbose headers { server: 'nginx/1.10.3',
20 verbose headers   'content-type': 'application/json',
20 verbose headers   'last-modified': 'Wed, 01 Nov 2017 18:43:23 GMT',
20 verbose headers   etag: 'W/"59fa15cb-8616c"',
20 verbose headers   'content-encoding': 'gzip',
20 verbose headers   'cache-control': 'max-age=300',
20 verbose headers   'content-length': '30500',
20 verbose headers   'accept-ranges': 'bytes',
20 verbose headers   date: 'Fri, 10 Nov 2017 03:43:10 GMT',
20 verbose headers   via: '1.1 varnish',
20 verbose headers   age: '0',
20 verbose headers   connection: 'keep-alive',
20 verbose headers   'x-served-by': 'cache-nrt6120-NRT',
20 verbose headers   'x-cache': 'HIT',
20 verbose headers   'x-cache-hits': '1',
20 verbose headers   'x-timer': 'S1510285390.224731,VS0,VE0',
20 verbose headers   vary: 'Accept-Encoding, Accept' }
21 silly get cb [ 200,
21 silly get   { server: 'nginx/1.10.3',
21 silly get     'content-type': 'application/json',
21 silly get     'last-modified': 'Wed, 01 Nov 2017 18:43:23 GMT',
21 silly get     etag: 'W/"59fa15cb-8616c"',
21 silly get     'content-encoding': 'gzip',
21 silly get     'cache-control': 'max-age=300',
21 silly get     'content-length': '30500',
21 silly get     'accept-ranges': 'bytes',
21 silly get     date: 'Fri, 10 Nov 2017 03:43:10 GMT',
21 silly get     via: '1.1 varnish',
21 silly get     age: '0',
21 silly get     connection: 'keep-alive',
21 silly get     'x-served-by': 'cache-nrt6120-NRT',
21 silly get     'x-cache': 'HIT',
21 silly get     'x-cache-hits': '1',
21 silly get     'x-timer': 'S1510285390.224731,VS0,VE0',
21 silly get     vary: 'Accept-Encoding, Accept' } ]
22 verbose get saving browser-sync to /Users/tederen/.npm/registry.npmjs.org/browser-sync/.cache.json
23 verbose correctMkdir /Users/tederen/.npm correctMkdir not in flight; initializing
24 silly install normalizeTree
25 silly loadCurrentTree Finishing
26 silly loadIdealTree Starting
27 silly install loadIdealTree
28 silly cloneCurrentTree Starting
29 silly install cloneCurrentTreeToIdealTree
30 silly cloneCurrentTree Finishing
31 silly loadShrinkwrap Starting
32 silly install loadShrinkwrap
33 silly loadShrinkwrap Finishing
34 silly loadAllDepsIntoIdealTree Starting
35 silly install loadAllDepsIntoIdealTree
36 silly resolveWithNewModule browser-sync@2.18.13 checking installable status
37 silly cache add args [ 'browser-sync', null ]
38 verbose cache add spec browser-sync
39 silly cache add parsed spec Result {
39 silly cache add   raw: 'browser-sync',
39 silly cache add   scope: null,
39 silly cache add   escapedName: 'browser-sync',
39 silly cache add   name: 'browser-sync',
39 silly cache add   rawSpec: '',
39 silly cache add   spec: 'latest',
39 silly cache add   type: 'tag' }
40 silly addNamed browser-sync@latest
41 verbose addNamed "latest" is being treated as a dist-tag for browser-sync
42 info addNameTag [ 'browser-sync', 'latest' ]
43 silly mapToRegistry name browser-sync
44 silly mapToRegistry using default registry
45 silly mapToRegistry registry https://registry.npmjs.org/
46 silly mapToRegistry data Result {
46 silly mapToRegistry   raw: 'browser-sync',
46 silly mapToRegistry   scope: null,
46 silly mapToRegistry   escapedName: 'browser-sync',
46 silly mapToRegistry   name: 'browser-sync',
46 silly mapToRegistry   rawSpec: '',
46 silly mapToRegistry   spec: 'latest',
46 silly mapToRegistry   type: 'tag' }
47 silly mapToRegistry uri https://registry.npmjs.org/browser-sync
48 verbose addNameTag registry:https://registry.npmjs.org/browser-sync not in flight; fetching
49 verbose get https://registry.npmjs.org/browser-sync not expired, no request
50 silly addNameTag next cb for browser-sync with tag latest
51 silly addNamed browser-sync@2.18.13
52 verbose addNamed "2.18.13" is a plain semver version for browser-sync
53 silly mapToRegistry name browser-sync
54 silly mapToRegistry using default registry
55 silly mapToRegistry registry https://registry.npmjs.org/
56 silly mapToRegistry data Result {
56 silly mapToRegistry   raw: 'browser-sync',
56 silly mapToRegistry   scope: null,
56 silly mapToRegistry   escapedName: 'browser-sync',
56 silly mapToRegistry   name: 'browser-sync',
56 silly mapToRegistry   rawSpec: '',
56 silly mapToRegistry   spec: 'latest',
56 silly mapToRegistry   type: 'tag' }
57 silly mapToRegistry uri https://registry.npmjs.org/browser-sync
58 verbose addRemoteTarball https://registry.npmjs.org/browser-sync/-/browser-sync-2.18.13.tgz not in flight; adding
59 verbose addRemoteTarball [ 'https://registry.npmjs.org/browser-sync/-/browser-sync-2.18.13.tgz',
59 verbose addRemoteTarball   'c28dc3eb3be67c97a907082b772a37f915c14d7d' ]
60 info retry fetch attempt 1 at 上午11:45:30
61 info attempt registry request try #1 at 上午11:45:30
62 http fetch GET https://registry.npmjs.org/browser-sync/-/browser-sync-2.18.13.tgz
63 http fetch 200 https://registry.npmjs.org/browser-sync/-/browser-sync-2.18.13.tgz
64 verbose stack Error: read ECONNRESET
64 verbose stack     at exports._errnoException (util.js:1023:11)
64 verbose stack     at TLSWrap.onread (net.js:572:26)
65 verbose cwd /Users/tederen/Desktop/learnDemo/HelloMyHtml/H-11.10/html
66 error Darwin 16.7.0
67 error argv "/usr/local/Cellar/node/7.5.0/bin/node" "/usr/local/bin/npm" "install" "browser-sync"
68 error node v7.5.0
69 error npm  v4.1.2
70 error code ECONNRESET
71 error errno ECONNRESET
72 error syscall read
73 error network read ECONNRESET
74 error network This is most likely not a problem with npm itself
74 error network and is related to network connectivity.
74 error network In most cases you are behind a proxy or have bad network settings.
74 error network
74 error network If you are behind a proxy, please make sure that the
74 error network 'proxy' config is set properly.  See: 'npm help config'
75 verbose exit [ 1, true ]
